snowboy/examples/Android/SnowboyAlexaDemo/build/outputs/logs/manifest-merger-debug-report.txt
-- Merging decision tree log ---
manifest
ADDED from Android/SnowboyAlexaDemo/AndroidManifest.xml:2:1-20:12
	package
		ADDED from Android/SnowboyAlexaDemo/AndroidManifest.xml:4:33-63
	android:versionName
		ADDED from Android/SnowboyAlexaDemo/AndroidManifest.xml:4:7-32
		INJECTED from Android/SnowboyAlexaDemo/AndroidManifest.xml
		INJECTED from Android/SnowboyAlexaDemo/AndroidManifest.xml
	android:versionCode
		ADDED from Android/SnowboyAlexaDemo/AndroidManifest.xml:3:7-30
		INJECTED from Android/SnowboyAlexaDemo/AndroidManifest.xml
		INJECTED from Android/SnowboyAlexaDemo/AndroidManifest.xml
	xmlns:android
		ADDED from Android/SnowboyAlexaDemo/AndroidManifest.xml:2:11-69
application
ADDED from Android/SnowboyAlexaDemo/AndroidManifest.xml:5:5-14:19
	android:label
		ADDED from Android/SnowboyAlexaDemo/AndroidManifest.xml:5:18-50
	android:icon
		ADDED from Android/SnowboyAlexaDemo/AndroidManifest.xml:5:51-85
activity#ai.kitt.snowboy.Demo
ADDED from Android/SnowboyAlexaDemo/AndroidManifest.xml:6:9-13:20
	android:label
		ADDED from Android/SnowboyAlexaDemo/AndroidManifest.xml:8:19-51
	android:windowSoftInputMode
		ADDED from Android/SnowboyAlexaDemo/AndroidManifest.xml:7:16-57
	android:name
		ADDED from Android/SnowboyAlexaDemo/AndroidManifest.xml:6:19-54
intent-filter#android.intent.action.MAIN+android.intent.category.LAUNCHER
ADDED from Android/SnowboyAlexaDemo/AndroidManifest.xml:9:13-12:29
action#android.intent.action.MAIN
ADDED from Android/SnowboyAlexaDemo/AndroidManifest.xml:10:17-69
	android:name
		ADDED from Android/SnowboyAlexaDemo/AndroidManifest.xml:10:25-66
category#android.intent.category.LAUNCHER
ADDED from Android/SnowboyAlexaDemo/AndroidManifest.xml:11:17-77
	android:name
		ADDED from Android/SnowboyAlexaDemo/AndroidManifest.xml:11:27-74
uses-sdk
ADDED from Android/SnowboyAlexaDemo/AndroidManifest.xml:15:5-43
	android:minSdkVersion
		ADDED from Android/SnowboyAlexaDemo/AndroidManifest.xml:15:15-40
uses-permission#android.permission.ACCESS_WIFI_STATE
ADDED from Android/SnowboyAlexaDemo/AndroidManifest.xml:16:1-88
	android:name
		ADDED from Android/SnowboyAlexaDemo/AndroidManifest.xml:16:18-69
uses-permission#android.permission.RECORD_AUDIO
ADDED from Android/SnowboyAlexaDemo/AndroidManifest.xml:17:1-83
	android:name
		ADDED from Android/SnowboyAlexaDemo/AndroidManifest.xml:17:18-64
uses-permission#android.permission.INTERNET
ADDED from Android/SnowboyAlexaDemo/AndroidManifest.xml:18:1-79
	android:name
		ADDED from Android/SnowboyAlexaDemo/AndroidManifest.xml:18:18-60
uses-permission#android.permission.WRITE_EXTERNAL_STORAGE
ADDED from Android/SnowboyAlexaDemo/AndroidManifest.xml:19:1-76
	android:name
		ADDED from Android/SnowboyAlexaDemo/AndroidManifest.xml:19:18-74